<?xml version="1.0" encoding="utf-8"?><testsuites name="pytest tests"><testsuite name="pytest" errors="0" failures="0" skipped="0" tests="18" time="8.481" timestamp="2026-08-06T23:25:25.301329+00:00" hostname="agent-env-915fd12d-d925-44dd-86cd-b813f41783a9"><testcase classname="backend.tests.test_community_admin.TestAdminVerify" name="test_no_token_401" time="0.296" /><testcase classname="backend.tests.test_community_admin.TestAdminVerify" name="test_wrong_token_401" time="0.107" /><testcase classname="backend.tests.test_community_admin.TestAdminVerify" name="test_correct_token_200" time="0.103" /><testcase classname="backend.tests.test_community_admin.TestSubmitTip" name="test_submit_ok" time="0.162" /><testcase classname="backend.tests.test_community_admin.TestSubmitTip" name="test_missing_heading_and_body_400" time="0.118" /><testcase classname="backend.tests.test_community_admin.TestSubmitTip" name="test_body_only_ok" time="0.161" /><testcase classname="backend.tests.test_community_admin.TestListTips" name="test_no_token_401" time="0.100" /><testcase classname="backend.tests.test_community_admin.TestListTips" name="test_with_token_returns_list_and_counts" time="0.204" /><testcase classname="backend.tests.test_community_admin.TestListTips" name="test_status_filter_pending" time="0.231" /><testcase classname="backend.tests.test_community_admin.TestModerationActions" name="test_promote_no_token_401" time="0.214" /><testcase classname="backend.tests.test_community_admin.TestModerationActions" name="test_promote_missing_id_404" time="0.110" /><testcase classname="backend.tests.test_community_admin.TestModerationActions" name="test_promote_success" time="0.216" /><testcase classname="backend.tests.test_community_admin.TestModerationActions" name="test_reject_success_clears_promoted_at" time="0.342" /><testcase classname="backend.tests.test_community_admin.TestModerationActions" name="test_delete_no_token_401" time="0.196" /><testcase classname="backend.tests.test_community_admin.TestModerationActions" name="test_delete_success" time="0.197" /><testcase classname="backend.tests.test_community_admin.TestPromotedPublic" name="test_public_no_token_ok" time="0.103" /><testcase classname="backend.tests.test_community_admin.TestPromotedPublic" name="test_only_promoted_tips_visible" time="0.260" /><testcase classname="backend.tests.test_community_admin.TestNoRegression" name="test_translate_still_works" time="5.187" /></testsuite></testsuites>