<?xml version="1.0" encoding="utf-8"?><testsuites name="pytest tests"><testsuite name="pytest" errors="0" failures="1" skipped="0" tests="30" time="13.617" timestamp="2026-08-07T16:30:04.521662+00:00" hostname="agent-env-915fd12d-d925-44dd-86cd-b813f41783a9"><testcase classname="backend.tests.test_refactor_regression" name="test_root" time="0.343" /><testcase classname="backend.tests.test_refactor_regression" name="test_notes_crud_and_reorder" time="0.803" /><testcase classname="backend.tests.test_refactor_regression" name="test_templates_crud" time="0.482" /><testcase classname="backend.tests.test_refactor_regression" name="test_categories" time="0.132"><failure message="AssertionError: assert False&#10; +  where False = isinstance({'Test': [], 'Test notes': ['First set']}, list)&#10; +    where {'Test': [], 'Test notes': ['First set']} = json()&#10; +      where json = &lt;Response [200]&gt;.json">backend/tests/test_refactor_regression.py:69: in test_categories
    assert isinstance(r.json(), list)
E   AssertionError: assert False
E    +  where False = isinstance({'Test': [], 'Test notes': ['First set']}, list)
E    +    where {'Test': [], 'Test notes': ['First set']} = json()
E    +      where json = &lt;Response [200]&gt;.json</failure></testcase><testcase classname="backend.tests.test_refactor_regression" name="test_settings_get_put" time="0.251" /><testcase classname="backend.tests.test_refactor_regression" name="test_community_tip_valid_nickname_persists" time="0.238" /><testcase classname="backend.tests.test_refactor_regression" name="test_community_tip_case_preserved" time="0.248" /><testcase classname="backend.tests.test_refactor_regression" name="test_community_tip_invalid_nickname_coerced_to_null[]" time="0.342" /><testcase classname="backend.tests.test_refactor_regression" name="test_community_tip_invalid_nickname_coerced_to_null[  ]" time="0.244" /><testcase classname="backend.tests.test_refactor_regression" name="test_community_tip_invalid_nickname_coerced_to_null[a]" time="0.226" /><testcase classname="backend.tests.test_refactor_regression" name="test_community_tip_invalid_nickname_coerced_to_null[with space]" time="0.249" /><testcase classname="backend.tests.test_refactor_regression" name="test_community_tip_invalid_nickname_coerced_to_null[sym!bol]" time="0.249" /><testcase classname="backend.tests.test_refactor_regression" name="test_community_tip_invalid_nickname_coerced_to_null[toolong_xxxxxxxxxxxxxxxxxxxx]" time="0.243" /><testcase classname="backend.tests.test_refactor_regression" name="test_community_tip_invalid_nickname_coerced_to_null[hy-phen]" time="0.218" /><testcase classname="backend.tests.test_refactor_regression" name="test_community_tips_admin_lists" time="0.119" /><testcase classname="backend.tests.test_refactor_regression" name="test_community_tips_admin_requires_auth" time="0.122" /><testcase classname="backend.tests.test_refactor_regression" name="test_admin_verify" time="0.248" /><testcase classname="backend.tests.test_refactor_regression" name="test_promote_reject_delete_and_nickname_flows_downstream" time="0.895" /><testcase classname="backend.tests.test_refactor_regression" name="test_contributors_anonymous_never_appear" time="0.355" /><testcase classname="backend.tests.test_refactor_regression" name="test_contributors_sorted_by_tip_count_desc" time="0.111" /><testcase classname="backend.tests.test_refactor_regression" name="test_contributors_is_public_no_auth" time="0.134" /><testcase classname="backend.tests.test_refactor_regression" name="test_digest_status_has_scheduler_next_run" time="0.115" /><testcase classname="backend.tests.test_refactor_regression" name="test_digest_toggle_roundtrip" time="0.331" /><testcase classname="backend.tests.test_refactor_regression" name="test_digest_send_dry_run" time="0.111" /><testcase classname="backend.tests.test_refactor_regression" name="test_digest_unsubscribe_public" time="0.121" /><testcase classname="backend.tests.test_refactor_regression" name="test_analytics_events_public" time="0.109" /><testcase classname="backend.tests.test_refactor_regression" name="test_analytics_admin_requires_auth" time="0.207" /><testcase classname="backend.tests.test_refactor_regression" name="test_translate_when_llm_configured_or_503" time="4.284" /><testcase classname="backend.tests.test_refactor_regression" name="test_product_barcode_nutella" time="0.754" /><testcase classname="backend.tests.test_refactor_regression" name="test_zzz_cleanup" time="1.217" /></testsuite></testsuites>