<?xml version="1.0" encoding="utf-8"?><testsuites name="pytest tests"><testsuite name="pytest" errors="0" failures="0" skipped="0" tests="38" time="3.174" timestamp="2026-08-07T20:20:23.163273+00:00" hostname="agent-env-915fd12d-d925-44dd-86cd-b813f41783a9"><testcase classname="tests.test_recovery_analytics" name="test_track_magic_link_opened" time="0.359" /><testcase classname="tests.test_recovery_analytics" name="test_track_manual_entry_opened" time="0.055" /><testcase classname="tests.test_recovery_analytics" name="test_track_rejects_email_sent" time="0.060" /><testcase classname="tests.test_recovery_analytics" name="test_track_rejects_verify_events" time="0.099" /><testcase classname="tests.test_recovery_analytics" name="test_track_rejects_garbage" time="0.094" /><testcase classname="tests.test_recovery_analytics" name="test_analytics_requires_admin" time="0.048" /><testcase classname="tests.test_recovery_analytics" name="test_analytics_shape" time="0.062" /><testcase classname="tests.test_recovery_analytics" name="test_analytics_share_ratio_math" time="0.046" /><testcase classname="tests.test_recovery_analytics" name="test_analytics_days_window_respected" time="0.099" /><testcase classname="tests.test_recovery_analytics" name="test_seed_claimed_nickname" time="0.096" /><testcase classname="tests.test_recovery_analytics" name="test_email_sent_event_written_on_request" time="0.071" /><testcase classname="tests.test_recovery_analytics" name="test_verify_failed_event_written" time="0.060" /><testcase classname="tests.test_recovery_analytics" name="test_verify_success_event_written" time="0.062" /><testcase classname="tests.test_recovery_analytics" name="test_zzz_cleanup" time="0.105" /><testcase classname="tests.test_nickname_recovery" name="test_setup_seed_claimed_nickname" time="0.158" /><testcase classname="tests.test_nickname_recovery" name="test_recovery_invalid_nickname_400" time="0.045" /><testcase classname="tests.test_nickname_recovery" name="test_recovery_unclaimed_nickname" time="0.050" /><testcase classname="tests.test_nickname_recovery" name="test_recovery_claimed_email_disabled" time="0.047" /><testcase classname="tests.test_nickname_recovery" name="test_recovery_code_stored_hashed" time="0.004" /><testcase classname="tests.test_nickname_recovery" name="test_verify_wrong_code" time="0.050" /><testcase classname="tests.test_nickname_recovery" name="test_verify_expired" time="0.049" /><testcase classname="tests.test_nickname_recovery" name="test_verify_reissue_and_success" time="0.116" /><testcase classname="tests.test_nickname_recovery" name="test_verify_second_use_of_same_code_fails" time="0.050" /><testcase classname="tests.test_nickname_recovery" name="test_verify_missing_new_email_400" time="0.081" /><testcase classname="tests.test_nickname_recovery" name="test_regression_contributors" time="0.048" /><testcase classname="tests.test_nickname_recovery" name="test_regression_promoted" time="0.055" /><testcase classname="tests.test_nickname_recovery" name="test_regression_featured" time="0.057" /><testcase classname="tests.test_nickname_recovery" name="test_regression_admin_tips_auth" time="0.119" /><testcase classname="tests.test_nickname_recovery" name="test_regression_tip_409_collision" time="0.045" /><testcase classname="tests.test_nickname_recovery" name="test_regression_status_still_works" time="0.048" /><testcase classname="tests.test_nickname_recovery" name="test_zzz_cleanup" time="0.102" /><testcase classname="tests.test_nickname_recovery_rate_limit" name="test_seed" time="0.169" /><testcase classname="tests.test_nickname_recovery_rate_limit" name="test_lockout_after_three_failed_attempts" time="0.233" /><testcase classname="tests.test_nickname_recovery_rate_limit" name="test_request_during_lockout_returns_locked_reason" time="0.045" /><testcase classname="tests.test_nickname_recovery_rate_limit" name="test_counter_preserved_across_request_during_lock" time="0.004" /><testcase classname="tests.test_nickname_recovery_rate_limit" name="test_lock_expiry_resets_counter_on_next_request" time="0.052" /><testcase classname="tests.test_nickname_recovery_rate_limit" name="test_successful_verify_after_reset" time="0.054" /><testcase classname="tests.test_nickname_recovery_rate_limit" name="test_zzz_cleanup" time="0.103" /></testsuite></testsuites>