<?xml version="1.0" encoding="utf-8"?><testsuites name="pytest tests"><testsuite name="pytest" errors="0" failures="0" skipped="0" tests="9" time="62.525" timestamp="2026-07-30T15:41:55.603304+00:00" hostname="agent-env-915fd12d-d925-44dd-86cd-b813f41783a9"><testcase classname="backend.tests.test_recipe_idea" name="test_recipe_idea_with_stats_and_hint" time="11.275" /><testcase classname="backend.tests.test_recipe_idea" name="test_recipe_idea_with_empty_stats" time="8.867" /><testcase classname="backend.tests.test_recipe_idea" name="test_recipe_idea_missing_stats_key" time="10.439" /><testcase classname="backend.tests.test_recipe_idea" name="test_recipe_idea_hint_only_no_stats" time="8.023" /><testcase classname="backend.tests.test_recipe_idea" name="test_recipe_idea_long_hint_truncated_silently" time="10.856" /><testcase classname="backend.tests.test_recipe_idea" name="test_dining_insights_still_ok" time="5.455" /><testcase classname="backend.tests.test_dining_insights" name="test_dining_insights_with_history" time="2.139" /><testcase classname="backend.tests.test_dining_insights" name="test_dining_insights_no_history_still_works" time="5.224" /><testcase classname="backend.tests.test_dining_insights" name="test_dining_insights_missing_stats_400" time="0.191" /></testsuite></testsuites>