<?xml version="1.0" encoding="utf-8"?><testsuites name="pytest tests"><testsuite name="pytest" errors="0" failures="0" skipped="0" tests="3" time="9.250" timestamp="2026-07-30T14:58:38.588956+00:00" hostname="agent-env-915fd12d-d925-44dd-86cd-b813f41783a9"><testcase classname="backend.tests.test_dining_insights" name="test_dining_insights_with_history" time="2.416" /><testcase classname="backend.tests.test_dining_insights" name="test_dining_insights_no_history_still_works" time="6.486" /><testcase classname="backend.tests.test_dining_insights" name="test_dining_insights_missing_stats_400" time="0.215" /></testsuite></testsuites>