<?xml version="1.0" encoding="utf-8"?><testsuites name="pytest tests"><testsuite name="pytest" errors="0" failures="5" skipped="0" tests="44" time="3.926" timestamp="2026-08-07T20:58:07.040827+00:00" hostname="agent-env-915fd12d-d925-44dd-86cd-b813f41783a9"><testcase classname="backend.tests.test_recovery_weekly_series" name="test_weekly_series_shape" time="0.241"><failure message="AssertionError: {&quot;detail&quot;:&quot;Admin token required&quot;}&#10;assert 401 == 200&#10; +  where 401 = &lt;Response [401]&gt;.status_code">backend/tests/test_recovery_weekly_series.py:20: in test_weekly_series_shape
    data = _get(30)
           ^^^^^^^^
backend/tests/test_recovery_weekly_series.py:15: in _get
    assert r.status_code == 200, r.text
E   AssertionError: {"detail":"Admin token required"}
E   assert 401 == 200
E    +  where 401 = &lt;Response [401]&gt;.status_code</failure></testcase><testcase classname="backend.tests.test_recovery_weekly_series" name="test_weekly_series_oldest_to_newest" time="0.155"><failure message="AssertionError: {&quot;detail&quot;:&quot;Admin token required&quot;}&#10;assert 401 == 200&#10; +  where 401 = &lt;Response [401]&gt;.status_code">backend/tests/test_recovery_weekly_series.py:40: in test_weekly_series_oldest_to_newest
    ws = _get(30)["weekly_series"]
         ^^^^^^^^
backend/tests/test_recovery_weekly_series.py:15: in _get
    assert r.status_code == 200, r.text
E   AssertionError: {"detail":"Admin token required"}
E   assert 401 == 200
E    +  where 401 = &lt;Response [401]&gt;.status_code</failure></testcase><testcase classname="backend.tests.test_recovery_weekly_series" name="test_weekly_series_math" time="0.119"><failure message="AssertionError: {&quot;detail&quot;:&quot;Admin token required&quot;}&#10;assert 401 == 200&#10; +  where 401 = &lt;Response [401]&gt;.status_code">backend/tests/test_recovery_weekly_series.py:46: in test_weekly_series_math
    ws = _get(30)["weekly_series"]
         ^^^^^^^^
backend/tests/test_recovery_weekly_series.py:15: in _get
    assert r.status_code == 200, r.text
E   AssertionError: {"detail":"Admin token required"}
E   assert 401 == 200
E    +  where 401 = &lt;Response [401]&gt;.status_code</failure></testcase><testcase classname="backend.tests.test_recovery_weekly_series" name="test_weekly_series_independent_of_days_param" time="0.115"><failure message="AssertionError: {&quot;detail&quot;:&quot;Admin token required&quot;}&#10;assert 401 == 200&#10; +  where 401 = &lt;Response [401]&gt;.status_code">backend/tests/test_recovery_weekly_series.py:55: in test_weekly_series_independent_of_days_param
    a = _get(7)["weekly_series"]
        ^^^^^^^
backend/tests/test_recovery_weekly_series.py:15: in _get
    assert r.status_code == 200, r.text
E   AssertionError: {"detail":"Admin token required"}
E   assert 401 == 200
E    +  where 401 = &lt;Response [401]&gt;.status_code</failure></testcase><testcase classname="backend.tests.test_recovery_weekly_series" name="test_top_level_totals_reflect_days_window" time="0.098"><failure message="AssertionError: {&quot;detail&quot;:&quot;Admin token required&quot;}&#10;assert 401 == 200&#10; +  where 401 = &lt;Response [401]&gt;.status_code">backend/tests/test_recovery_weekly_series.py:68: in test_top_level_totals_reflect_days_window
    a = _get(7)
        ^^^^^^^
backend/tests/test_recovery_weekly_series.py:15: in _get
    assert r.status_code == 200, r.text
E   AssertionError: {"detail":"Admin token required"}
E   assert 401 == 200
E    +  where 401 = &lt;Response [401]&gt;.status_code</failure></testcase><testcase classname="backend.tests.test_recovery_weekly_series" name="test_admin_auth_required" time="0.136" /><testcase classname="backend.tests.test_recovery_analytics" name="test_track_magic_link_opened" time="0.238" /><testcase classname="backend.tests.test_recovery_analytics" name="test_track_manual_entry_opened" time="0.063" /><testcase classname="backend.tests.test_recovery_analytics" name="test_track_rejects_email_sent" time="0.059" /><testcase classname="backend.tests.test_recovery_analytics" name="test_track_rejects_verify_events" time="0.094" /><testcase classname="backend.tests.test_recovery_analytics" name="test_track_rejects_garbage" time="0.097" /><testcase classname="backend.tests.test_recovery_analytics" name="test_analytics_requires_admin" time="0.046" /><testcase classname="backend.tests.test_recovery_analytics" name="test_analytics_shape" time="0.053" /><testcase classname="backend.tests.test_recovery_analytics" name="test_analytics_share_ratio_math" time="0.050" /><testcase classname="backend.tests.test_recovery_analytics" name="test_analytics_days_window_respected" time="0.103" /><testcase classname="backend.tests.test_recovery_analytics" name="test_seed_claimed_nickname" time="0.103" /><testcase classname="backend.tests.test_recovery_analytics" name="test_email_sent_event_written_on_request" time="0.058" /><testcase classname="backend.tests.test_recovery_analytics" name="test_verify_failed_event_written" time="0.060" /><testcase classname="backend.tests.test_recovery_analytics" name="test_verify_success_event_written" time="0.060" /><testcase classname="backend.tests.test_recovery_analytics" name="test_zzz_cleanup" time="0.103" /><testcase classname="backend.tests.test_nickname_recovery" name="test_setup_seed_claimed_nickname" time="0.152" /><testcase classname="backend.tests.test_nickname_recovery" name="test_recovery_invalid_nickname_400" time="0.050" /><testcase classname="backend.tests.test_nickname_recovery" name="test_recovery_unclaimed_nickname" time="0.047" /><testcase classname="backend.tests.test_nickname_recovery" name="test_recovery_claimed_email_disabled" time="0.050" /><testcase classname="backend.tests.test_nickname_recovery" name="test_recovery_code_stored_hashed" time="0.004" /><testcase classname="backend.tests.test_nickname_recovery" name="test_verify_wrong_code" time="0.057" /><testcase classname="backend.tests.test_nickname_recovery" name="test_verify_expired" time="0.054" /><testcase classname="backend.tests.test_nickname_recovery" name="test_verify_reissue_and_success" time="0.111" /><testcase classname="backend.tests.test_nickname_recovery" name="test_verify_second_use_of_same_code_fails" time="0.046" /><testcase classname="backend.tests.test_nickname_recovery" name="test_verify_missing_new_email_400" time="0.045" /><testcase classname="backend.tests.test_nickname_recovery" name="test_regression_contributors" time="0.048" /><testcase classname="backend.tests.test_nickname_recovery" name="test_regression_promoted" time="0.049" /><testcase classname="backend.tests.test_nickname_recovery" name="test_regression_featured" time="0.052" /><testcase classname="backend.tests.test_nickname_recovery" name="test_regression_admin_tips_auth" time="0.101" /><testcase classname="backend.tests.test_nickname_recovery" name="test_regression_tip_409_collision" time="0.045" /><testcase classname="backend.tests.test_nickname_recovery" name="test_regression_status_still_works" time="0.048" /><testcase classname="backend.tests.test_nickname_recovery" name="test_zzz_cleanup" time="0.103" /><testcase classname="backend.tests.test_nickname_recovery_rate_limit" name="test_seed" time="0.166" /><testcase classname="backend.tests.test_nickname_recovery_rate_limit" name="test_lockout_after_three_failed_attempts" time="0.266" /><testcase classname="backend.tests.test_nickname_recovery_rate_limit" name="test_request_during_lockout_returns_locked_reason" time="0.060" /><testcase classname="backend.tests.test_nickname_recovery_rate_limit" name="test_counter_preserved_across_request_during_lock" time="0.004" /><testcase classname="backend.tests.test_nickname_recovery_rate_limit" name="test_lock_expiry_resets_counter_on_next_request" time="0.055" /><testcase classname="backend.tests.test_nickname_recovery_rate_limit" name="test_successful_verify_after_reset" time="0.054" /><testcase classname="backend.tests.test_nickname_recovery_rate_limit" name="test_zzz_cleanup" time="0.102" /></testsuite></testsuites>