<?xml version="1.0" encoding="utf-8"?><testsuites name="pytest tests"><testsuite name="pytest" errors="0" failures="0" skipped="0" tests="10" time="74.630" timestamp="2026-07-30T15:58:03.437331+00:00" hostname="agent-env-915fd12d-d925-44dd-86cd-b813f41783a9"><testcase classname="backend.tests.test_recipe_idea" name="test_recipe_idea_with_stats_and_hint" time="11.649" /><testcase classname="backend.tests.test_recipe_idea" name="test_recipe_idea_with_empty_stats" time="9.128" /><testcase classname="backend.tests.test_recipe_idea" name="test_recipe_idea_missing_stats_key" time="9.468" /><testcase classname="backend.tests.test_recipe_idea" name="test_recipe_idea_hint_only_no_stats" time="9.911" /><testcase classname="backend.tests.test_recipe_idea" name="test_recipe_idea_with_rated_recipes" time="9.689" /><testcase classname="backend.tests.test_recipe_idea" name="test_recipe_idea_long_hint_truncated_silently" time="10.689" /><testcase classname="backend.tests.test_recipe_idea" name="test_dining_insights_still_ok" time="5.114" /><testcase classname="backend.tests.test_dining_insights" name="test_dining_insights_with_history" time="2.930" /><testcase classname="backend.tests.test_dining_insights" name="test_dining_insights_no_history_still_works" time="5.792" /><testcase classname="backend.tests.test_dining_insights" name="test_dining_insights_missing_stats_400" time="0.200" /></testsuite></testsuites>