<?xml version="1.0" encoding="utf-8"?><testsuites name="pytest tests"><testsuite name="pytest" errors="0" failures="0" skipped="0" tests="12" time="3.914" timestamp="2026-08-07T02:54:55.541058+00:00" hostname="agent-env-915fd12d-d925-44dd-86cd-b813f41783a9"><testcase classname="backend.tests.test_contributor_and_analytics" name="test_submit_tip_with_valid_email_and_optin" time="0.264" /><testcase classname="backend.tests.test_contributor_and_analytics" name="test_submit_tip_invalid_email_stripped" time="0.211" /><testcase classname="backend.tests.test_contributor_and_analytics" name="test_submit_tip_optin_without_email" time="0.223" /><testcase classname="backend.tests.test_contributor_and_analytics" name="test_promote_optin_tip_silent_skips_thank_you" time="1.856" /><testcase classname="backend.tests.test_contributor_and_analytics" name="test_events_public_no_auth_and_filters_invalid" time="0.100" /><testcase classname="backend.tests.test_contributor_and_analytics" name="test_events_cap_at_50" time="0.098" /><testcase classname="backend.tests.test_contributor_and_analytics" name="test_analytics_requires_admin" time="0.101" /><testcase classname="backend.tests.test_contributor_and_analytics" name="test_analytics_aggregation_and_sort" time="0.105" /><testcase classname="backend.tests.test_contributor_and_analytics" name="test_events_empty_array" time="0.111" /><testcase classname="backend.tests.test_contributor_and_analytics" name="test_regression_featured_public" time="0.105" /><testcase classname="backend.tests.test_contributor_and_analytics" name="test_regression_promoted_list_public" time="0.103" /><testcase classname="backend.tests.test_contributor_and_analytics" name="test_regression_digest_status_admin" time="0.580" /></testsuite></testsuites>