<?xml version="1.0" encoding="utf-8"?><testsuites name="pytest tests"><testsuite name="pytest" errors="0" failures="0" skipped="0" tests="9" time="2.327" timestamp="2026-08-07T00:20:20.458428+00:00" hostname="agent-env-915fd12d-d925-44dd-86cd-b813f41783a9"><testcase classname="backend.tests.test_featured_and_scheduler.TestFeaturedTip" name="test_featured_public_no_auth" time="0.267" /><testcase classname="backend.tests.test_featured_and_scheduler.TestFeaturedTip" name="test_featured_deterministic_two_calls" time="0.583" /><testcase classname="backend.tests.test_featured_and_scheduler.TestDigestStatus" name="test_status_requires_admin" time="0.112" /><testcase classname="backend.tests.test_featured_and_scheduler.TestDigestStatus" name="test_status_shape_and_next_run" time="0.111" /><testcase classname="backend.tests.test_featured_and_scheduler.TestDigestToggle" name="test_toggle_off_blocks_send" time="0.335" /><testcase classname="backend.tests.test_featured_and_scheduler.TestDigestToggle" name="test_toggle_on_reaches_resend_gate" time="0.130" /><testcase classname="backend.tests.test_featured_and_scheduler.TestUnsubscribe" name="test_wrong_token_shows_expired" time="0.115" /><testcase classname="backend.tests.test_featured_and_scheduler.TestUnsubscribe" name="test_correct_token_unsubscribes" time="0.405" /><testcase classname="backend.tests.test_featured_and_scheduler.TestRegressionAnon" name="test_anonymous_tip_submit" time="0.220" /></testsuite></testsuites>