<?xml version="1.0" encoding="utf-8"?><testsuites name="pytest tests"><testsuite name="pytest" errors="0" failures="0" skipped="0" tests="7" time="5.322" timestamp="2026-08-06T23:57:26.657923+00:00" hostname="agent-env-915fd12d-d925-44dd-86cd-b813f41783a9"><testcase classname="backend.tests.test_parse_and_digest.TestParseTips" name="test_empty_text_returns_400" time="0.004" /><testcase classname="backend.tests.test_parse_and_digest.TestParseTips" name="test_too_long_text_returns_400" time="0.002" /><testcase classname="backend.tests.test_parse_and_digest.TestParseTips" name="test_valid_short_mixed_text_returns_cards" time="5.243" /><testcase classname="backend.tests.test_parse_and_digest.TestDigestSend" name="test_no_admin_token_returns_401" time="0.002" /><testcase classname="backend.tests.test_parse_and_digest.TestDigestSend" name="test_wrong_admin_token_returns_401" time="0.002" /><testcase classname="backend.tests.test_parse_and_digest.TestDigestSend" name="test_dry_run_returns_ok_true" time="0.006" /><testcase classname="backend.tests.test_parse_and_digest.TestDigestSend" name="test_no_dry_run_graceful_fail_when_resend_missing" time="0.003" /></testsuite></testsuites>