<?xml version="1.0" encoding="utf-8"?><testsuites name="pytest tests"><testsuite name="pytest" errors="0" failures="0" skipped="0" tests="17" time="1.642" timestamp="2026-08-07T19:40:54.262281+00:00" hostname="agent-env-915fd12d-d925-44dd-86cd-b813f41783a9"><testcase classname="backend.tests.test_nickname_recovery" name="test_setup_seed_claimed_nickname" time="0.303" /><testcase classname="backend.tests.test_nickname_recovery" name="test_recovery_invalid_nickname_400" time="0.063" /><testcase classname="backend.tests.test_nickname_recovery" name="test_recovery_unclaimed_nickname" time="0.057" /><testcase classname="backend.tests.test_nickname_recovery" name="test_recovery_claimed_email_disabled" time="0.079" /><testcase classname="backend.tests.test_nickname_recovery" name="test_recovery_code_stored_in_db" time="0.097" /><testcase classname="backend.tests.test_nickname_recovery" name="test_verify_wrong_code" time="0.065" /><testcase classname="backend.tests.test_nickname_recovery" name="test_verify_expired" time="0.067" /><testcase classname="backend.tests.test_nickname_recovery" name="test_verify_reissue_and_success" time="0.136" /><testcase classname="backend.tests.test_nickname_recovery" name="test_verify_second_use_of_same_code_fails" time="0.062" /><testcase classname="backend.tests.test_nickname_recovery" name="test_verify_missing_new_email_400" time="0.065" /><testcase classname="backend.tests.test_nickname_recovery" name="test_regression_contributors" time="0.063" /><testcase classname="backend.tests.test_nickname_recovery" name="test_regression_promoted" time="0.072" /><testcase classname="backend.tests.test_nickname_recovery" name="test_regression_featured" time="0.062" /><testcase classname="backend.tests.test_nickname_recovery" name="test_regression_admin_tips_auth" time="0.131" /><testcase classname="backend.tests.test_nickname_recovery" name="test_regression_tip_409_collision" time="0.058" /><testcase classname="backend.tests.test_nickname_recovery" name="test_regression_status_still_works" time="0.056" /><testcase classname="backend.tests.test_nickname_recovery" name="test_zzz_cleanup" time="0.132" /></testsuite></testsuites>