<?xml version="1.0" encoding="utf-8"?><testsuites name="pytest tests"><testsuite name="pytest" errors="0" failures="1" skipped="0" tests="4" time="26.570" timestamp="2026-07-30T15:28:06.480703+00:00" hostname="agent-env-915fd12d-d925-44dd-86cd-b813f41783a9"><testcase classname="backend.tests.test_recipe_idea" name="test_recipe_idea_with_stats_and_hint" time="9.749" /><testcase classname="backend.tests.test_recipe_idea" name="test_recipe_idea_with_empty_stats" time="9.860" /><testcase classname="backend.tests.test_recipe_idea" name="test_recipe_idea_missing_stats_key" time="0.213"><failure message="AssertionError: Expected 200 for missing-stats per spec, got 422. Body: {&quot;detail&quot;:[{&quot;type&quot;:&quot;missing&quot;,&quot;loc&quot;:[&quot;body&quot;,&quot;stats&quot;],&quot;msg&quot;:&quot;Field required&quot;,&quot;input&quot;:{},&quot;url&quot;:&quot;https://errors.pydantic.dev/2.12/v/missing&quot;}]}&#10;assert 422 == 200&#10; +  where 422 = &lt;Response [422]&gt;.status_code">backend/tests/test_recipe_idea.py:54: in test_recipe_idea_missing_stats_key
    assert r.status_code == 200, (
E   AssertionError: Expected 200 for missing-stats per spec, got 422. Body: {"detail":[{"type":"missing","loc":["body","stats"],"msg":"Field required","input":{},"url":"https://errors.pydantic.dev/2.12/v/missing"}]}
E   assert 422 == 200
E    +  where 422 = &lt;Response [422]&gt;.status_code</failure></testcase><testcase classname="backend.tests.test_recipe_idea" name="test_dining_insights_still_ok" time="6.642" /></testsuite></testsuites>