<?xml version="1.0" encoding="utf-8"?><testsuites name="pytest tests"><testsuite name="pytest" errors="0" failures="0" skipped="0" tests="23" time="2.179" timestamp="2026-08-07T18:52:15.295459+00:00" hostname="agent-env-915fd12d-d925-44dd-86cd-b813f41783a9"><testcase classname="tests.test_nickname_reservations" name="test_status_free" time="0.300" /><testcase classname="tests.test_nickname_reservations" name="test_status_invalid_format" time="0.068" /><testcase classname="tests.test_nickname_reservations" name="test_reserve_new_nickname" time="0.055" /><testcase classname="tests.test_nickname_reservations" name="test_reserve_idempotent_same_email" time="0.055" /><testcase classname="tests.test_nickname_reservations" name="test_reserve_different_email_conflict" time="0.051" /><testcase classname="tests.test_nickname_reservations" name="test_status_after_reserve_owner" time="0.074" /><testcase classname="tests.test_nickname_reservations" name="test_status_after_reserve_stranger" time="0.050" /><testcase classname="tests.test_nickname_reservations" name="test_reserve_invalid_nickname_400" time="0.051" /><testcase classname="tests.test_nickname_reservations" name="test_reserve_missing_email_400" time="0.054" /><testcase classname="tests.test_nickname_reservations" name="test_reserve_malformed_email_400" time="0.066" /><testcase classname="tests.test_nickname_reservations" name="test_tip_submit_conflict_wrong_email" time="0.060" /><testcase classname="tests.test_nickname_reservations" name="test_tip_submit_ok_owner_email" time="0.071" /><testcase classname="tests.test_nickname_reservations" name="test_tip_submit_conflict_no_email" time="0.077" /><testcase classname="tests.test_nickname_reservations" name="test_implicit_reservation_first_tip" time="0.052" /><testcase classname="tests.test_nickname_reservations" name="test_implicit_reservation_second_wrong_email" time="0.050" /><testcase classname="tests.test_nickname_reservations" name="test_implicit_reservation_same_email_ok" time="0.055" /><testcase classname="tests.test_nickname_reservations" name="test_regression_contributors_public" time="0.056" /><testcase classname="tests.test_nickname_reservations" name="test_regression_featured_public" time="0.056" /><testcase classname="tests.test_nickname_reservations" name="test_regression_promoted_public" time="0.054" /><testcase classname="tests.test_nickname_reservations" name="test_regression_admin_tips_requires_token" time="0.148" /><testcase classname="tests.test_nickname_reservations" name="test_regression_anonymous_tip_no_nickname" time="0.061" /><testcase classname="tests.test_nickname_reservations" name="test_regression_notes_crud" time="0.179" /><testcase classname="tests.test_nickname_reservations" name="test_zzz_cleanup" time="0.381" /></testsuite></testsuites>