<?xml version="1.0" encoding="utf-8"?><testsuites name="pytest tests"><testsuite name="pytest" errors="0" failures="0" skipped="0" tests="6" time="12.597" timestamp="2026-07-27T21:22:47.572643+00:00" hostname="agent-env-915fd12d-d925-44dd-86cd-b813f41783a9"><testcase classname="backend.tests.test_ocr.TestOCR" name="test_happy_path_two_lines" time="3.483" /><testcase classname="backend.tests.test_ocr.TestOCR" name="test_empty_base64_returns_400" time="0.148" /><testcase classname="backend.tests.test_ocr.TestOCR" name="test_unsupported_mime_returns_400" time="0.113" /><testcase classname="backend.tests.test_ocr.TestOCR" name="test_oversized_payload_returns_413" time="0.838" /><testcase classname="backend.tests.test_ocr.TestOCR" name="test_data_uri_prefix_is_stripped" time="6.261" /><testcase classname="backend.tests.test_ocr.TestOCR" name="test_blank_image_returns_empty_string" time="1.695" /></testsuite></testsuites>