<?xml version="1.0" encoding="utf-8"?><testsuites name="pytest tests"><testsuite name="pytest" errors="0" failures="0" skipped="0" tests="8" time="2.843" timestamp="2026-08-05T23:06:09.337164+00:00" hostname="agent-env-915fd12d-d925-44dd-86cd-b813f41783a9"><testcase classname="backend.tests.test_pantry_barcode.TestProductProxy" name="test_nutella_lookup" time="0.987" /><testcase classname="backend.tests.test_pantry_barcode.TestProductProxy" name="test_coca_cola_lookup" time="0.579" /><testcase classname="backend.tests.test_pantry_barcode.TestProductProxy" name="test_invalid_barcode_404" time="0.418" /><testcase classname="backend.tests.test_pantry_barcode.TestProductProxy" name="test_malformed_barcode_400" time="0.072" /><testcase classname="backend.tests.test_pantry_barcode.TestProductProxy" name="test_cache_speedup" time="0.139" /><testcase classname="backend.tests.test_pantry_barcode.TestNotesCRUD" name="test_notes_flow" time="0.446" /><testcase classname="backend.tests.test_pantry_barcode.TestOtherEndpoints" name="test_templates_get" time="0.074" /><testcase classname="backend.tests.test_pantry_barcode.TestOtherEndpoints" name="test_settings_get" time="0.072" /></testsuite></testsuites>