<?xml version="1.0" encoding="utf-8"?><testsuites name="pytest tests"><testsuite name="pytest" errors="0" failures="0" skipped="0" tests="24" time="2.143" timestamp="2026-08-07T20:04:45.649534+00:00" hostname="agent-env-915fd12d-d925-44dd-86cd-b813f41783a9"><testcase classname="backend.tests.test_nickname_recovery" name="test_setup_seed_claimed_nickname" time="0.288" /><testcase classname="backend.tests.test_nickname_recovery" name="test_recovery_invalid_nickname_400" time="0.059" /><testcase classname="backend.tests.test_nickname_recovery" name="test_recovery_unclaimed_nickname" time="0.054" /><testcase classname="backend.tests.test_nickname_recovery" name="test_recovery_claimed_email_disabled" time="0.051" /><testcase classname="backend.tests.test_nickname_recovery" name="test_recovery_code_stored_hashed" time="0.085" /><testcase classname="backend.tests.test_nickname_recovery" name="test_verify_wrong_code" time="0.051" /><testcase classname="backend.tests.test_nickname_recovery" name="test_verify_expired" time="0.058" /><testcase classname="backend.tests.test_nickname_recovery" name="test_verify_reissue_and_success" time="0.114" /><testcase classname="backend.tests.test_nickname_recovery" name="test_verify_second_use_of_same_code_fails" time="0.049" /><testcase classname="backend.tests.test_nickname_recovery" name="test_verify_missing_new_email_400" time="0.049" /><testcase classname="backend.tests.test_nickname_recovery" name="test_regression_contributors" time="0.049" /><testcase classname="backend.tests.test_nickname_recovery" name="test_regression_promoted" time="0.103" /><testcase classname="backend.tests.test_nickname_recovery" name="test_regression_featured" time="0.051" /><testcase classname="backend.tests.test_nickname_recovery" name="test_regression_admin_tips_auth" time="0.097" /><testcase classname="backend.tests.test_nickname_recovery" name="test_regression_tip_409_collision" time="0.050" /><testcase classname="backend.tests.test_nickname_recovery" name="test_regression_status_still_works" time="0.051" /><testcase classname="backend.tests.test_nickname_recovery" name="test_zzz_cleanup" time="0.108" /><testcase classname="backend.tests.test_nickname_recovery_rate_limit" name="test_seed" time="0.189" /><testcase classname="backend.tests.test_nickname_recovery_rate_limit" name="test_lockout_after_three_failed_attempts" time="0.245" /><testcase classname="backend.tests.test_nickname_recovery_rate_limit" name="test_request_during_lockout_returns_locked_reason" time="0.054" /><testcase classname="backend.tests.test_nickname_recovery_rate_limit" name="test_counter_preserved_across_request_during_lock" time="0.004" /><testcase classname="backend.tests.test_nickname_recovery_rate_limit" name="test_lock_expiry_resets_counter_on_next_request" time="0.052" /><testcase classname="backend.tests.test_nickname_recovery_rate_limit" name="test_successful_verify_after_reset" time="0.053" /><testcase classname="backend.tests.test_nickname_recovery_rate_limit" name="test_zzz_cleanup" time="0.119" /></testsuite></testsuites>