<?xml version="1.0" encoding="utf-8"?><testsuites name="pytest tests"><testsuite name="pytest" errors="0" failures="0" skipped="0" tests="5" time="5.597" timestamp="2026-07-27T20:21:57.967820+00:00" hostname="agent-env-915fd12d-d925-44dd-86cd-b813f41783a9"><testcase classname="backend.tests.test_translate.TestTranslateHappy" name="test_translate_spanish_basic" time="3.102" /><testcase classname="backend.tests.test_translate.TestTranslateHappy" name="test_translate_japanese_multiline_preserves_linebreaks" time="1.732" /><testcase classname="backend.tests.test_translate.TestTranslateErrors" name="test_empty_text_returns_400" time="0.188" /><testcase classname="backend.tests.test_translate.TestTranslateErrors" name="test_empty_target_returns_400" time="0.246" /><testcase classname="backend.tests.test_translate.TestTranslateErrors" name="test_text_too_long_returns_413" time="0.154" /></testsuite></testsuites>